<?xml version="1.0" encoding="UTF-8"?>
<!-- Generated by org.testng.reporters.JUnitReportReporter -->
<testsuite hostname="Brian-HP" name="com.adtheorent.Testing.TestNGTemplate" tests="1" failures="0" timestamp="18 Nov 2015 15:55:32 GMT" time="0.011" errors="0">
  <testcase name="f" time="0.011" classname="com.adtheorent.Testing.TestNGTemplate"/>
</testsuite> <!-- com.adtheorent.Testing.TestNGTemplate -->
