<?xml version="1.0" encoding="UTF-8"?>
<!-- Generated by org.testng.reporters.JUnitReportReporter -->
<testsuite hostname="Brian-HP" name="com.adtheorent.Testing.TestNGAnotation_1" tests="2" failures="0" timestamp="9 Nov 2015 15:06:56 GMT" time="0.015" errors="0">
  <testcase name="test2" time="0.001" classname="com.adtheorent.Testing.TestNGAnotation_1"/>
  <testcase name="test1" time="0.014" classname="com.adtheorent.Testing.TestNGAnotation_1"/>
</testsuite> <!-- com.adtheorent.Testing.TestNGAnotation_1 -->
